2024-05-06 17:12:27,351 BoardTestCase INFO: Runnning kyber512_ascon - clean - test
2024-05-06 17:12:27,351 Implementation INFO: Building kyber512_ascon - clean - test
2024-05-06 17:12:27,456 Implementation DEBUG: make stdout output:
OBJCOPY bin/crypto_kem_kyber512_ascon_clean_test.hex
2024-05-06 17:12:28,669 Platform DEBUG: Found start pattern: b'=========================\n'
2024-05-06 17:12:29,517 BoardTestCase ERROR: Test kyber512_ascon - clean - test Failed!,DONE key pair generation!
DONE encapsulation!
DONE decapsulation!
ERROR KEYS

+
DONE key pair generation!
DONE encapsulation!
DONE decapsulation!
ERROR KEYS

+
DONE key pair generation!
DONE encapsulation!
DONE decapsulation!
ERROR KEYS

+
DONE key pair generation!
DONE encapsulation!
DONE decapsulation!
ERROR KEYS

+
DONE key pair generation!
DONE encapsulation!
DONE decapsulation!
ERROR KEYS

+
DONE key pair generation!
DONE encapsulation!
DONE decapsulation!
ERROR KEYS

+
DONE key pair generation!
DONE encapsulation!
DONE decapsulation!
ERROR KEYS

+
DONE key pair generation!
DONE encapsulation!
DONE decapsulation!
ERROR KEYS

+
DONE key pair generation!
DONE encapsulation!
DONE decapsulation!
ERROR KEYS

+
DONE key pair generation!
DONE encapsulation!
DONE decapsulation!
ERROR KEYS

+
OK invalid sk_a

+
OK invalid sk_a

+
OK invalid sk_a

+
OK invalid sk_a

+
OK invalid sk_a

+
OK invalid sk_a

+
OK invalid sk_a

+
OK invalid sk_a

+
OK invalid sk_a

+
OK invalid sk_a

+
OK invalid ciphertext

+
OK invalid ciphertext

+
OK invalid ciphertext

+
OK invalid ciphertext

+
OK invalid ciphertext

+
OK invalid ciphertext

+
OK invalid ciphertext

+
OK invalid ciphertext

+
OK invalid ciphertext

+
OK invalid ciphertext

+
